<?xml version="1.0" encoding="UTF-8"?>
<!-- Generated by org.testng.reporters.JUnitXMLReporter -->
<testsuite ignored="0" hostname="DESKTOP-OGCT9GE" failures="0" tests="4" name="Default test" time="29.325" errors="0" timestamp="2025-07-13T12:42:55 EET">
  <testcase classname="Login.TESTCASES" name="signup" time="15.404"/>
  <testcase classname="Login.TESTCASES" name="LogOut" time="4.412"/>
  <testcase classname="Login.TESTCASES" name="Login" time="1.827"/>
  <testcase classname="Login.TESTCASES" name="AddToCart" time="5.276"/>
</testsuite> <!-- Default test -->
