<?xml version="1.0" encoding="UTF-8"?>
<testng-results ignored="0" total="1" passed="1" failed="0" skipped="0">
  <reporter-output>
  </reporter-output>
  <suite started-at="2025-07-12T11:16:20 EET" name="Default suite" finished-at="2025-07-12T11:16:31 EET" duration-ms="11470">
    <groups>
    </groups>
    <test started-at="2025-07-12T11:16:20 EET" name="Default test" finished-at="2025-07-12T11:16:31 EET" duration-ms="11470">
      <class name="Login.TESTCASES">
        <test-method is-config="true" signature="MySetUp()[pri:0, instance:Login.TESTCASES@70a36a66]" started-at="2025-07-12T11:16:20 EET" name="MySetUp" finished-at="2025-07-12T11:16:22 EET" duration-ms="2153" status="PASS">
          <reporter-output>
          </reporter-output>
        </test-method> <!-- MySetUp -->
        <test-method signature="signup()[pri:0, instance:Login.TESTCASES@70a36a66]" started-at="2025-07-12T11:16:22 EET" name="signup" finished-at="2025-07-12T11:16:31 EET" duration-ms="9206" status="PASS">
          <reporter-output>
          </reporter-output>
        </test-method> <!-- signup -->
      </class> <!-- Login.TESTCASES -->
    </test> <!-- Default test -->
  </suite> <!-- Default suite -->
</testng-results>
