<?xml version="1.0" encoding="UTF-8"?>
<testng-results ignored="0" total="1" passed="1" failed="0" skipped="0">
  <reporter-output>
  </reporter-output>
  <suite started-at="2025-07-11T15:55:27 EET" name="Default suite" finished-at="2025-07-11T15:55:31 EET" duration-ms="3922">
    <groups>
    </groups>
    <test started-at="2025-07-11T15:55:27 EET" name="Default test" finished-at="2025-07-11T15:55:31 EET" duration-ms="3922">
      <class name="Login.TESTCASES">
        <test-method is-config="true" signature="MySetUp()[pri:0, instance:Login.TESTCASES@50ecde95]" started-at="2025-07-11T15:55:27 EET" name="MySetUp" finished-at="2025-07-11T15:55:29 EET" duration-ms="2032" status="PASS">
          <reporter-output>
          </reporter-output>
        </test-method> <!-- MySetUp -->
        <test-method signature="signup()[pri:0, instance:Login.TESTCASES@50ecde95]" started-at="2025-07-11T15:55:29 EET" name="signup" finished-at="2025-07-11T15:55:31 EET" duration-ms="1831" status="PASS">
          <reporter-output>
          </reporter-output>
        </test-method> <!-- signup -->
      </class> <!-- Login.TESTCASES -->
    </test> <!-- Default test -->
  </suite> <!-- Default suite -->
</testng-results>
